<?xml version="1.0" encoding="UTF-8"?>
<testng-results skipped="0" failed="0" ignored="0" total="2" passed="2">
  <reporter-output>
  </reporter-output>
  <suite name="Default suite" duration-ms="44" started-at="2017-08-01T11:21:31Z" finished-at="2017-08-01T11:21:31Z">
    <groups>
    </groups>
    <test name="Default test" duration-ms="44" started-at="2017-08-01T11:21:31Z" finished-at="2017-08-01T11:21:31Z">
      <class name="com.cisco.DBConnections.UseTestNG">
        <test-method status="PASS" signature="task1()[pri:0, instance:com.cisco.DBConnections.UseTestNG@7729617b]" name="task1" duration-ms="12" started-at="2017-08-01T16:51:31Z" finished-at="2017-08-01T16:51:31Z">
          <reporter-output>
          </reporter-output>
        </test-method> <!-- task1 -->
        <test-method status="PASS" signature="task2()[pri:0, instance:com.cisco.DBConnections.UseTestNG@7729617b]" name="task2" duration-ms="4" started-at="2017-08-01T16:51:31Z" finished-at="2017-08-01T16:51:31Z">
          <reporter-output>
          </reporter-output>
        </test-method> <!-- task2 -->
      </class> <!-- com.cisco.DBConnections.UseTestNG -->
    </test> <!-- Default test -->
  </suite> <!-- Default suite -->
</testng-results>
